<?xml version="1.0" encoding="UTF-8"?>
<!-- Generated by org.testng.reporters.JUnitXMLReporter -->
<testsuite ignored="0" hostname="LAPTOP-92IDCA80" failures="0" tests="5" name="Default test" time="10.857" errors="0" timestamp="2022-08-07T17:01:08 EET">
  <testcase classname="com.sample.www.GoogleSearch" name="VerifyGoogleOpened" time="3.805"/>
  <testcase classname="com.sample.www.GoogleSearch" name="VerifyVodafoneSearch" time="3.221"/>
  <testcase classname="com.sample.www.GoogleSearch" name="VerifyScrollDownPageTwo" time="1.875"/>
  <testcase classname="com.sample.www.GoogleSearch" name="VerifyScrollDownPagThree" time="1.934"/>
  <testcase classname="com.sample.www.GoogleSearch" name="VerifyNumberOfSearchResults" time="0.001"/>
</testsuite> <!-- Default test -->
