<?xml version="1.0" encoding="UTF-8"?>
<!-- Generated by org.testng.reporters.JUnitXMLReporter -->
<testsuite ignored="0" hostname="LAPTOP-92IDCA80" failures="0" tests="3" name="Test" time="7.733" errors="0" timestamp="2022-08-06T21:47:11 EET">
  <testcase classname="com.sample.www.GoogleSearch" name="VerifyGoogleOpened" time="1.158"/>
  <testcase classname="com.sample.www.GoogleSearch" name="VerifyVodafoneSearch" time="3.457"/>
  <testcase classname="com.sample.www.GoogleSearch" name="VerifyScrollDown" time="3.088"/>
</testsuite> <!-- Test -->
